<?xml version="1.0" encoding="UTF-8"?>
<!-- Generated by org.testng.reporters.JUnitReportReporter -->
<testsuite hostname="ace" failures="0" tests="2" name="page_object_model.StandAlone" time="35.593" errors="0" timestamp="2024-09-20T12:15:08 IST" skipped="0">
  <testcase classname="page_object_model.StandAlone" name="dataTestJson2" time="18.153"/>
  <system-out/>
  <testcase classname="page_object_model.StandAlone" name="dataTestJson2" time="17.440"/>
  <system-out/>
</testsuite> <!-- page_object_model.StandAlone -->
