<?xml version="1.0" encoding="UTF-8"?>
<!-- Generated by org.testng.reporters.JUnitReportReporter -->
<testsuite hostname="ace" failures="0" tests="2" name="page_object_model.StandAlone" time="38.032" errors="0" timestamp="2024-09-20T12:19:31 IST" skipped="0">
  <testcase classname="page_object_model.StandAlone" name="dataTestJson2" time="20.418"/>
  <testcase classname="page_object_model.StandAlone" name="dataTestJson2" time="17.614"/>
</testsuite> <!-- page_object_model.StandAlone -->
